<?xml version="1.0" encoding="UTF-8" standalone="yes"?><!DOCTYPE report PUBLIC "-//JACOCO//DTD Report 1.0//EN" "report.dtd"><report name="Testing-P1"><sessioninfo id="LAPTOP-HT4P40ID-4419b597" start="1640177446508" dump="1640177446913"/><sessioninfo id="LAPTOP-HT4P40ID-434cdac1" start="1640177467181" dump="1640177467541"/><package name="ISO2_2021/Testing_P1"><class name="ISO2_2021/Testing_P1/Caso"><method name="&lt;init&gt;" desc="()V" line="23"><counter type="INSTRUCTION" missed="0" covered="3"/><counter type="LINE" missed="0" covered="2"/><counter type="COMPLEXITY" missed="0" covered="1"/><counter type="METHOD" missed="0" covered="1"/></method><method name="recomendacion" desc="(ZZZZZIDZZZZ)Ljava/lang/String;" line="31"><counter type="INSTRUCTION" missed="2" covered="154"/><counter type="BRANCH" missed="3" covered="53"/><counter type="LINE" missed="0" covered="13"/><counter type="COMPLEXITY" missed="3" covered="26"/><counter type="METHOD" missed="0" covered="1"/></method><counter type="INSTRUCTION" missed="2" covered="157"/><counter type="BRANCH" missed="3" covered="53"/><counter type="LINE" missed="0" covered="15"/><counter type="COMPLEXITY" missed="3" covered="27"/><counter type="METHOD" missed="0" covered="2"/><counter type="CLASS" missed="0" covered="1"/></class><sourcefile name="Caso.java"><line nr="23" mi="0" ci="2" mb="0" cb="0"/><line nr="24" mi="0" ci="1" mb="0" cb="0"/><line nr="31" mi="0" ci="18" mb="0" cb="6"/><line nr="33" mi="0" ci="14" mb="0" cb="6"/><line nr="35" mi="0" ci="4" mb="0" cb="2"/><line nr="37" mi="2" ci="12" mb="3" cb="3"/><line nr="40" mi="0" ci="25" mb="0" cb="10"/><line nr="42" mi="0" ci="2" mb="0" cb="0"/><line nr="44" mi="0" ci="40" mb="0" cb="14"/><line nr="47" mi="0" ci="2" mb="0" cb="0"/><line nr="49" mi="0" ci="26" mb="0" cb="10"/><line nr="51" mi="0" ci="5" mb="0" cb="2"/><line nr="53" mi="0" ci="2" mb="0" cb="0"/><line nr="58" mi="0" ci="2" mb="0" cb="0"/><line nr="60" mi="0" ci="2" mb="0" cb="0"/><counter type="INSTRUCTION" missed="2" covered="157"/><counter type="BRANCH" missed="3" covered="53"/><counter type="LINE" missed="0" covered="15"/><counter type="COMPLEXITY" missed="3" covered="27"/><counter type="METHOD" missed="0" covered="2"/><counter type="CLASS" missed="0" covered="1"/></sourcefile><counter type="INSTRUCTION" missed="2" covered="157"/><counter type="BRANCH" missed="3" covered="53"/><counter type="LINE" missed="0" covered="15"/><counter type="COMPLEXITY" missed="3" covered="27"/><counter type="METHOD" missed="0" covered="2"/><counter type="CLASS" missed="0" covered="1"/></package><counter type="INSTRUCTION" missed="2" covered="157"/><counter type="BRANCH" missed="3" covered="53"/><counter type="LINE" missed="0" covered="15"/><counter type="COMPLEXITY" missed="3" covered="27"/><counter type="METHOD" missed="0" covered="2"/><counter type="CLASS" missed="0" covered="1"/></report>